<?xml version="1.0" encoding="UTF-8"?>
<!-- Generated by org.testng.reporters.JUnitReportReporter -->
<testsuite skipped="0" hostname="MiloÅ¡" name="TestBE1.TestConfirmation" tests="1" failures="0" timestamp="2020-08-26T03:23:58 CEST" time="5.844" errors="0">
  <testcase name="confirmationTest" time="5.844" classname="TestBE1.TestConfirmation"/>
  <system-out/>
</testsuite> <!-- TestBE1.TestConfirmation -->
